{
  "Query Text": "SELECT h1.id, h2.name FROM helloworld h1 inner join public.helloworld h2 on h1.id = h2.id",
  "Plan": {
    "Node Type": "Merge Join",
    "Parallel Aware": false,
    "Join Type": "Inner",
    "Startup Cost": 176.34,
    "Total Cost": 303.67,
    "Plan Rows": 8064,
    "Plan Width": 36,
    "Actual Startup Time": 0.049,
    "Actual Total Time": 0.050,
    "Actual Rows": 1,
    "Actual Loops": 1,
    "Inner Unique": false,
    "Merge Cond": "(h1.id = h2.id)",
    "Plans": [
      {
        "Node Type": "Sort",
        "Parent Relationship": "Outer",
        "Parallel Aware": false,
        "Startup Cost": 88.17,
        "Total Cost": 91.35,
        "Plan Rows": 1270,
        "Plan Width": 4,
        "Actual Startup Time": 0.037,
        "Actual Total Time": 0.037,
        "Actual Rows": 1,
        "Actual Loops": 1,
        "Sort Key": ["h1.id"],
        "Sort Method": "quicksort",
        "Sort Space Used": 25,
        "Sort Space Type": "Memory",
        "Plans": [
          {
            "Node Type": "Seq Scan",
            "Parent Relationship": "Outer",
            "Parallel Aware": false,
            "Relation Name": "helloworld",
            "Alias": "h1",
            "Startup Cost": 0.00,
            "Total Cost": 22.70,
            "Plan Rows": 1270,
            "Plan Width": 4,
            "Actual Startup Time": 0.010,
            "Actual Total Time": 0.010,
            "Actual Rows": 1,
            "Actual Loops": 1
          }
        ]
      },
      {
        "Node Type": "Sort",
        "Parent Relationship": "Inner",
        "Parallel Aware": false,
        "Startup Cost": 88.17,
        "Total Cost": 91.35,
        "Plan Rows": 1270,
        "Plan Width": 36,
        "Actual Startup Time": 0.009,
        "Actual Total Time": 0.009,
        "Actual Rows": 1,
        "Actual Loops": 1,
        "Sort Key": ["h2.id"],
        "Sort Method": "quicksort",
        "Sort Space Used": 25,
        "Sort Space Type": "Memory",
        "Plans": [
          {
            "Node Type": "Seq Scan",
            "Parent Relationship": "Outer",
            "Parallel Aware": false,
            "Relation Name": "helloworld",
            "Alias": "h2",
            "Startup Cost": 0.00,
            "Total Cost": 22.70,
            "Plan Rows": 1270,
            "Plan Width": 36,
            "Actual Startup Time": 0.003,
            "Actual Total Time": 0.003,
            "Actual Rows": 1,
            "Actual Loops": 1
          }
        ]
      }
    ]
  }
}